2025-06-13T10:59:34.529+08:00  INFO 5468 --- [springboot-breakfast] [main] c.e.demo.SpringbootBreakfastApplication  : Starting SpringbootBreakfastApplication using Java 21.0.6 with PID 5468 (E:\ecl\eclwork\springboot-breakfast\target\classes started by NTPU in E:\ecl\eclwork\springboot-breakfast)
2025-06-13T10:59:34.532+08:00  INFO 5468 --- [springboot-breakfast] [main] c.e.demo.SpringbootBreakfastApplication  : No active profile set, falling back to 1 default profile: "default"
2025-06-13T10:59:35.145+08:00  INFO 5468 --- [springboot-breakfast] [main] .s.d.r.c.RepositoryConfigurationDelegate : Multiple Spring Data modules found, entering strict repository configuration mode
2025-06-13T10:59:35.146+08:00  INFO 5468 --- [springboot-breakfast] [main] .s.d.r.c.RepositoryConfigurationDelegate : Bootstrapping Spring Data JDBC repositories in DEFAULT mode.
2025-06-13T10:59:35.168+08:00  INFO 5468 --- [springboot-breakfast] [main] .RepositoryConfigurationExtensionSupport : Spring Data JDBC - Could not safely identify store assignment for repository candidate interface com.example.demo.repository.CartItemRepository; If you want this repository to be a JDBC repository, consider annotating your entities with one of these annotations: org.springframework.data.relational.core.mapping.Table.
2025-06-13T10:59:35.169+08:00  INFO 5468 --- [springboot-breakfast] [main] .RepositoryConfigurationExtensionSupport : Spring Data JDBC - Could not safely identify store assignment for repository candidate interface com.example.demo.repository.CartRepository; If you want this repository to be a JDBC repository, consider annotating your entities with one of these annotations: org.springframework.data.relational.core.mapping.Table.
2025-06-13T10:59:35.170+08:00  INFO 5468 --- [springboot-breakfast] [main] .RepositoryConfigurationExtensionSupport : Spring Data JDBC - Could not safely identify store assignment for repository candidate interface com.example.demo.repository.ItemCategoryRepository; If you want this repository to be a JDBC repository, consider annotating your entities with one of these annotations: org.springframework.data.relational.core.mapping.Table.
2025-06-13T10:59:35.171+08:00  INFO 5468 --- [springboot-breakfast] [main] .RepositoryConfigurationExtensionSupport : Spring Data JDBC - Could not safely identify store assignment for repository candidate interface com.example.demo.repository.ItemRepository; If you want this repository to be a JDBC repository, consider annotating your entities with one of these annotations: org.springframework.data.relational.core.mapping.Table.
2025-06-13T10:59:35.172+08:00  INFO 5468 --- [springboot-breakfast] [main] .RepositoryConfigurationExtensionSupport : Spring Data JDBC - Could not safely identify store assignment for repository candidate interface com.example.demo.repository.OrderTableRepository; If you want this repository to be a JDBC repository, consider annotating your entities with one of these annotations: org.springframework.data.relational.core.mapping.Table.
2025-06-13T10:59:35.173+08:00  INFO 5468 --- [springboot-breakfast] [main] .RepositoryConfigurationExtensionSupport : Spring Data JDBC - Could not safely identify store assignment for repository candidate interface com.example.demo.repository.UserRepository; If you want this repository to be a JDBC repository, consider annotating your entities with one of these annotations: org.springframework.data.relational.core.mapping.Table.
2025-06-13T10:59:35.173+08:00  INFO 5468 --- [springboot-breakfast] [main] .s.d.r.c.RepositoryConfigurationDelegate : Finished Spring Data repository scanning in 23 ms. Found 0 JDBC repository interfaces.
2025-06-13T10:59:35.181+08:00  INFO 5468 --- [springboot-breakfast] [main] .s.d.r.c.RepositoryConfigurationDelegate : Multiple Spring Data modules found, entering strict repository configuration mode
2025-06-13T10:59:35.181+08:00  INFO 5468 --- [springboot-breakfast] [main] .s.d.r.c.RepositoryConfigurationDelegate : Bootstrapping Spring Data JPA repositories in DEFAULT mode.
2025-06-13T10:59:35.203+08:00  INFO 5468 --- [springboot-breakfast] [main] .s.d.r.c.RepositoryConfigurationDelegate : Finished Spring Data repository scanning in 19 ms. Found 6 JPA repository interfaces.
2025-06-13T10:59:35.484+08:00  INFO 5468 --- [springboot-breakfast] [main] o.s.b.w.embedded.tomcat.TomcatWebServer  : Tomcat initialized with port 7899 (http)
2025-06-13T10:59:35.495+08:00  INFO 5468 --- [springboot-breakfast] [main] o.apache.catalina.core.StandardService   : Starting service [Tomcat]
2025-06-13T10:59:35.495+08:00  INFO 5468 --- [springboot-breakfast] [main] o.apache.catalina.core.StandardEngine    : Starting Servlet engine: [Apache Tomcat/10.1.41]
2025-06-13T10:59:35.525+08:00  INFO 5468 --- [springboot-breakfast] [main] o.a.c.c.C.[Tomcat].[localhost].[/]       : Initializing Spring embedded WebApplicationContext
2025-06-13T10:59:35.525+08:00  INFO 5468 --- [springboot-breakfast] [main] w.s.c.ServletWebServerApplicationContext : Root WebApplicationContext: initialization completed in 973 ms
2025-06-13T10:59:35.625+08:00  INFO 5468 --- [springboot-breakfast] [main] o.hibernate.jpa.internal.util.LogHelper  : HHH000204: Processing PersistenceUnitInfo [name: default]
2025-06-13T10:59:35.669+08:00  INFO 5468 --- [springboot-breakfast] [main] org.hibernate.Version                    : HHH000412: Hibernate ORM core version 6.6.15.Final
2025-06-13T10:59:35.693+08:00  INFO 5468 --- [springboot-breakfast] [main] o.h.c.internal.RegionFactoryInitiator    : HHH000026: Second-level cache disabled
2025-06-13T10:59:35.878+08:00  INFO 5468 --- [springboot-breakfast] [main] o.s.o.j.p.SpringPersistenceUnitInfo      : No LoadTimeWeaver setup: ignoring JPA class transformer
2025-06-13T10:59:35.899+08:00  INFO 5468 --- [springboot-breakfast] [main] com.zaxxer.hikari.HikariDataSource       : HikariPool-1 - Starting...
2025-06-13T10:59:36.000+08:00  INFO 5468 --- [springboot-breakfast] [main] com.zaxxer.hikari.pool.HikariPool        : HikariPool-1 - Added connection com.mysql.cj.jdbc.ConnectionImpl@359e27d2
2025-06-13T10:59:36.001+08:00  INFO 5468 --- [springboot-breakfast] [main] com.zaxxer.hikari.HikariDataSource       : HikariPool-1 - Start completed.
2025-06-13T10:59:36.057+08:00  INFO 5468 --- [springboot-breakfast] [main] org.hibernate.orm.connections.pooling    : HHH10001005: Database info:
	Database JDBC URL [Connecting through datasource 'HikariDataSource (HikariPool-1)']
	Database driver: undefined/unknown
	Database version: 8.0.34
	Autocommit mode: undefined/unknown
	Isolation level: undefined/unknown
	Minimum pool size: undefined/unknown
	Maximum pool size: undefined/unknown
2025-06-13T10:59:36.648+08:00  INFO 5468 --- [springboot-breakfast] [main] o.h.e.t.j.p.i.JtaPlatformInitiator       : HHH000489: No JTA platform available (set 'hibernate.transaction.jta.platform' to enable JTA platform integration)
2025-06-13T10:59:36.704+08:00  INFO 5468 --- [springboot-breakfast] [main] j.LocalContainerEntityManagerFactoryBean : Initialized JPA EntityManagerFactory for persistence unit 'default'
2025-06-13T10:59:36.904+08:00  INFO 5468 --- [springboot-breakfast] [main] o.s.d.j.r.query.QueryEnhancerFactory     : Hibernate is in classpath; If applicable, HQL parser will be used.
2025-06-13T10:59:37.215+08:00  INFO 5468 --- [springboot-breakfast] [main] o.s.b.w.embedded.tomcat.TomcatWebServer  : Tomcat started on port 7899 (http) with context path '/'
2025-06-13T10:59:37.219+08:00  INFO 5468 --- [springboot-breakfast] [main] c.e.demo.SpringbootBreakfastApplication  : Started SpringbootBreakfastApplication in 2.966 seconds (process running for 3.317)
2025-06-13T11:00:01.433+08:00  INFO 5468 --- [springboot-breakfast] [http-nio-7899-exec-1] o.a.c.c.C.[Tomcat].[localhost].[/]       : Initializing Spring DispatcherServlet 'dispatcherServlet'
2025-06-13T11:00:01.433+08:00  INFO 5468 --- [springboot-breakfast] [http-nio-7899-exec-1] o.s.web.servlet.DispatcherServlet        : Initializing Servlet 'dispatcherServlet'
2025-06-13T11:00:01.434+08:00  INFO 5468 --- [springboot-breakfast] [http-nio-7899-exec-1] o.s.web.servlet.DispatcherServlet        : Completed initialization in 1 ms
2025-06-13T12:40:43.869+08:00  INFO 5468 --- [springboot-breakfast] [RMI TCP Connection(110)-127.0.0.1] inMXBeanRegistrar$SpringApplicationAdmin : Application shutdown requested.
2025-06-13T12:40:43.870+08:00  INFO 5468 --- [springboot-breakfast] [RMI TCP Connection(110)-127.0.0.1] o.s.b.w.e.tomcat.GracefulShutdown        : Commencing graceful shutdown. Waiting for active requests to complete
2025-06-13T12:40:43.873+08:00  INFO 5468 --- [springboot-breakfast] [tomcat-shutdown] o.s.b.w.e.tomcat.GracefulShutdown        : Graceful shutdown complete
2025-06-13T12:40:43.875+08:00  INFO 5468 --- [springboot-breakfast] [RMI TCP Connection(110)-127.0.0.1] j.LocalContainerEntityManagerFactoryBean : Closing JPA EntityManagerFactory for persistence unit 'default'
2025-06-13T12:40:43.876+08:00  INFO 5468 --- [springboot-breakfast] [RMI TCP Connection(110)-127.0.0.1] com.zaxxer.hikari.HikariDataSource       : HikariPool-1 - Shutdown initiated...
2025-06-13T12:40:43.877+08:00  INFO 5468 --- [springboot-breakfast] [RMI TCP Connection(110)-127.0.0.1] com.zaxxer.hikari.HikariDataSource       : HikariPool-1 - Shutdown completed.
